This is pdfTeX, Version 3.14159265-2.6-1.40.20 (TeX Live 2019/Debian) (preloaded format=pdflatex 2022.1.19)  11 APR 2022 10:10
entering extended mode
 restricted \write18 enabled.
 %&-line parsing enabled.
**14.1.2.tex
(./14.1.2.tex
LaTeX2e <2020-02-02> patch level 2
L3 programming layer <2020-02-14>

! LaTeX Error: Missing \begin{document}.

See the LaTeX manual or LaTeX Companion for explanation.
Type  H <return>  for immediate help.
 ...                                              
                                                  
l.2 \begin{flushleft}
                     
You're in trouble here.  Try typing  <return>  to proceed.
If that doesn't work, type  X <return>  to quit.


Overfull \hbox (20.0pt too wide) in paragraph at lines 2--2
[] 
 []

Missing character: There is no o in font nullfont!
Missing character: There is no v in font nullfont!
Missing character: There is no e in font nullfont!
Missing character: There is no r in font nullfont!
Missing character: There is no t in font nullfont!
Missing character: There is no h in font nullfont!
Missing character: There is no e in font nullfont!
Missing character: There is no i in font nullfont!
Missing character: There is no n in font nullfont!
Missing character: There is no t in font nullfont!
Missing character: There is no e in font nullfont!
Missing character: There is no r in font nullfont!
Missing character: There is no n in font nullfont!
Missing character: There is no e in font nullfont!
Missing character: There is no t in font nullfont!
Missing character: There is no i in font nullfont!
Missing character: There is no s in font nullfont!
Missing character: There is no c in font nullfont!
Missing character: There is no a in font nullfont!
Missing character: There is no l in font nullfont!
Missing character: There is no l in font nullfont!
Missing character: There is no e in font nullfont!
Missing character: There is no d in font nullfont!
Missing character: There is no c in font nullfont!
Missing character: There is no a in font nullfont!
Missing character: There is no s in font nullfont!
Missing character: There is no t in font nullfont!
Missing character: There is no i in font nullfont!
Missing character: There is no n in font nullfont!
Missing character: There is no g in font nullfont!
Missing character: There is no . in font nullfont!
Missing character: There is no L in font nullfont!
Missing character: There is no e in font nullfont!
Missing character: There is no t in font nullfont!
Missing character: There is no ' in font nullfont!
Missing character: There is no s in font nullfont!
Missing character: There is no s in font nullfont!
Missing character: There is no e in font nullfont!
Missing character: There is no e in font nullfont!
Missing character: There is no t in font nullfont!
Missing character: There is no y in font nullfont!
Missing character: There is no p in font nullfont!
Missing character: There is no e in font nullfont!
Missing character: There is no s in font nullfont!
Missing character: There is no o in font nullfont!
Missing character: There is no f in font nullfont!
Missing character: There is no c in font nullfont!
Missing character: There is no a in font nullfont!
Missing character: There is no s in font nullfont!
Missing character: There is no t in font nullfont!
Missing character: There is no i in font nullfont!
Missing character: There is no n in font nullfont!
Missing character: There is no g in font nullfont!
Missing character: There is no : in font nullfont!

! LaTeX Error: Environment figure undefined.

See the LaTeX manual or LaTeX Companion for explanation.
Type  H <return>  for immediate help.
 ...                                              
                                                  
l.7 	\begin{figure}
                   [h!]
Your command was ignored.
Type  I <command> <return>  to replace it with another command,
or  <return>  to continue without it.

Missing character: There is no [ in font nullfont!
Missing character: There is no h in font nullfont!
Missing character: There is no ! in font nullfont!
Missing character: There is no ] in font nullfont!
! Undefined control sequence.
l.9 		\includegraphics
                      [scale=0.6]{content/chapter14/images/casting.png}
The control sequence at the end of the top line
of your error message was never \def'ed. If you have
misspelled it (e.g., `\hobx'), type `I' and the correct
spelling (e.g., `I\hbox'). Otherwise just continue,
and I'll forget about whatever was undefined.

Missing character: There is no [ in font nullfont!
Missing character: There is no s in font nullfont!
Missing character: There is no c in font nullfont!
Missing character: There is no a in font nullfont!
Missing character: There is no l in font nullfont!
Missing character: There is no e in font nullfont!
Missing character: There is no = in font nullfont!
Missing character: There is no 0 in font nullfont!
Missing character: There is no . in font nullfont!
Missing character: There is no 6 in font nullfont!
Missing character: There is no ] in font nullfont!
Missing character: There is no c in font nullfont!
Missing character: There is no o in font nullfont!
Missing character: There is no n in font nullfont!
Missing character: There is no t in font nullfont!
Missing character: There is no e in font nullfont!
Missing character: There is no n in font nullfont!
Missing character: There is no t in font nullfont!
Missing character: There is no / in font nullfont!
Missing character: There is no c in font nullfont!
Missing character: There is no h in font nullfont!
Missing character: There is no a in font nullfont!
Missing character: There is no p in font nullfont!
Missing character: There is no t in font nullfont!
Missing character: There is no e in font nullfont!
Missing character: There is no r in font nullfont!
Missing character: There is no 1 in font nullfont!
Missing character: There is no 4 in font nullfont!
Missing character: There is no / in font nullfont!
Missing character: There is no i in font nullfont!
Missing character: There is no m in font nullfont!
Missing character: There is no a in font nullfont!
Missing character: There is no g in font nullfont!
Missing character: There is no e in font nullfont!
Missing character: There is no s in font nullfont!
Missing character: There is no / in font nullfont!
Missing character: There is no c in font nullfont!
Missing character: There is no a in font nullfont!
Missing character: There is no s in font nullfont!
Missing character: There is no t in font nullfont!
Missing character: There is no i in font nullfont!
Missing character: There is no n in font nullfont!
Missing character: There is no g in font nullfont!
Missing character: There is no . in font nullfont!
Missing character: There is no p in font nullfont!
Missing character: There is no n in font nullfont!
Missing character: There is no g in font nullfont!

! LaTeX Error: \caption outside float.

See the LaTeX manual or LaTeX Companion for explanation.
Type  H <return>  for immediate help.
 ...                                              
                                                  
l.10 		\caption
               {Casting types}
You're in trouble here.  Try typing  <return>  to proceed.
If that doesn't work, type  X <return>  to quit.

Missing character: There is no C in font nullfont!
Missing character: There is no a in font nullfont!
Missing character: There is no s in font nullfont!
Missing character: There is no t in font nullfont!
Missing character: There is no i in font nullfont!
Missing character: There is no n in font nullfont!
Missing character: There is no g in font nullfont!
Missing character: There is no t in font nullfont!
Missing character: There is no y in font nullfont!
Missing character: There is no p in font nullfont!
Missing character: There is no e in font nullfont!
Missing character: There is no s in font nullfont!

! LaTeX Error: \begin{flushleft} on input line 2 ended by \end{figure}.

See the LaTeX manual or LaTeX Companion for explanation.
Type  H <return>  for immediate help.
 ...                                              
                                                  
l.12 	\end{figure}
                  
Your command was ignored.
Type  I <command> <return>  to replace it with another command,
or  <return>  to continue without it.


Overfull \hbox (65.34824pt too wide) in paragraph at lines 3--13
\OT1/cmr/bx/n/10 Transmitting 
 []


Overfull \hbox (16.13187pt too wide) in paragraph at lines 3--13
\OT1/cmr/bx/n/10 the 
 []


Overfull \hbox (22.0415pt too wide) in paragraph at lines 3--13
\OT1/cmr/bx/n/10 data 
 []


Overfull \hbox (9.58328pt too wide) in paragraph at lines 3--13
\OT1/cmr/bx/n/10 in 
 []


Overfull \hbox (16.13187pt too wide) in paragraph at lines 3--13
\OT1/cmr/bx/n/10 the 
 []


Overfull \hbox (23.58322pt too wide) in paragraph at lines 3--13
\OT1/cmr/bx/n/10 form 
 []


Overfull \hbox (9.26384pt too wide) in paragraph at lines 3--13
\OT1/cmr/bx/n/10 of 
 []


Overfull \hbox (26.67345pt too wide) in paragraph at lines 3--13
\OT1/cmr/bx/n/10 pack- 
 []


Overfull \hbox (14.27908pt too wide) in paragraph at lines 3--13
\OT1/cmr/bx/n/10 ets 
 []

Missing character: There is no : in font nullfont!

Overfull \hbox (38.14003pt too wide) in paragraph at lines 15--16
\OT1/cmr/bx/n/10 Unicast  
 []

Missing character: There is no i in font nullfont!
Missing character: There is no s in font nullfont!
Missing character: There is no c in font nullfont!
Missing character: There is no a in font nullfont!
Missing character: There is no l in font nullfont!
Missing character: There is no l in font nullfont!
Missing character: There is no e in font nullfont!
Missing character: There is no d in font nullfont!
Missing character: There is no a in font nullfont!
Missing character: There is no s in font nullfont!
Missing character: There is no u in font nullfont!
Missing character: There is no n in font nullfont!
Missing character: There is no i in font nullfont!
Missing character: There is no c in font nullfont!
Missing character: There is no a in font nullfont!
Missing character: There is no s in font nullfont!
Missing character: There is no t in font nullfont!
Missing character: There is no . in font nullfont!

Overfull \hbox (65.34824pt too wide) in paragraph at lines 17--18
\OT1/cmr/bx/n/10 Transmitting 
 []


Overfull \hbox (22.0415pt too wide) in paragraph at lines 17--18
\OT1/cmr/bx/n/10 data 
 []


Overfull \hbox (23.58322pt too wide) in paragraph at lines 17--18
\OT1/cmr/bx/n/10 from 
 []


Overfull \hbox (17.40964pt too wide) in paragraph at lines 17--18
\OT1/cmr/bx/n/10 one 
 []


Overfull \hbox (31.7929pt too wide) in paragraph at lines 17--18
\OT1/cmr/bx/n/10 source 
 []


Overfull \hbox (21.1471pt too wide) in paragraph at lines 17--18
\OT1/cmr/bx/n/10 host 
 []


Overfull \hbox (10.22217pt too wide) in paragraph at lines 17--18
\OT1/cmr/bx/n/10 to 
 []


Overfull \hbox (17.40964pt too wide) in paragraph at lines 17--18
\OT1/cmr/bx/n/10 one 
 []


Overfull \hbox (20.02905pt too wide) in paragraph at lines 17--18
\OT1/cmr/bx/n/10 des- 
 []


Overfull \hbox (11.49994pt too wide) in paragraph at lines 17--18
\OT1/cmr/bx/n/10 ti- 
 []


Overfull \hbox (15.8124pt too wide) in paragraph at lines 17--18
\OT1/cmr/bx/n/10 na- 
 []


Overfull \hbox (19.80545pt too wide) in paragraph at lines 17--18
\OT1/cmr/bx/n/10 tion 
 []


Overfull \hbox (21.1471pt too wide) in paragraph at lines 17--18
\OT1/cmr/bx/n/10 host 
 []

Missing character: There is no I in font nullfont!
Missing character: There is no t in font nullfont!
Missing character: There is no i in font nullfont!
Missing character: There is no s in font nullfont!
Missing character: There is no a in font nullfont!
Missing character: There is no t in font nullfont!
Missing character: There is no r in font nullfont!
Missing character: There is no a in font nullfont!
Missing character: There is no n in font nullfont!
Missing character: There is no s in font nullfont!
Missing character: There is no m in font nullfont!
Missing character: There is no i in font nullfont!
Missing character: There is no s in font nullfont!
Missing character: There is no s in font nullfont!
Missing character: There is no i in font nullfont!
Missing character: There is no o in font nullfont!
Missing character: There is no n in font nullfont!
Missing character: There is no . in font nullfont!

Overfull \hbox (17.40964pt too wide) in paragraph at lines 18--19
\OT1/cmr/bx/n/10 one 
 []


Overfull \hbox (10.22217pt too wide) in paragraph at lines 18--19
\OT1/cmr/bx/n/10 to 
 []


Overfull \hbox (17.40964pt too wide) in paragraph at lines 18--19
\OT1/cmr/bx/n/10 one  
 []

Missing character: There is no : in font nullfont!

Overfull \hbox (50.35524pt too wide) in paragraph at lines 20--21
\OT1/cmr/bx/n/10 Broadcast  
 []

Missing character: There is no r in font nullfont!
Missing character: There is no e in font nullfont!
Missing character: There is no s in font nullfont!
Missing character: There is no i in font nullfont!
Missing character: There is no d in font nullfont!
Missing character: There is no i in font nullfont!
Missing character: There is no n in font nullfont!
Missing character: There is no g in font nullfont!
Missing character: There is no i in font nullfont!
Missing character: There is no n in font nullfont!
Missing character: There is no t in font nullfont!
Missing character: There is no h in font nullfont!
Missing character: There is no e in font nullfont!
Missing character: There is no s in font nullfont!
Missing character: There is no a in font nullfont!
Missing character: There is no m in font nullfont!
Missing character: There is no e in font nullfont!
Missing character: There is no o in font nullfont!
Missing character: There is no r in font nullfont!
Missing character: There is no o in font nullfont!
Missing character: There is no t in font nullfont!
Missing character: There is no h in font nullfont!
Missing character: There is no e in font nullfont!
Missing character: There is no r in font nullfont!
Missing character: There is no n in font nullfont!
Missing character: There is no e in font nullfont!
Missing character: There is no t in font nullfont!
Missing character: There is no w in font nullfont!
Missing character: There is no o in font nullfont!
Missing character: There is no r in font nullfont!
Missing character: There is no k in font nullfont!
Missing character: There is no i in font nullfont!
Missing character: There is no s in font nullfont!
Missing character: There is no c in font nullfont!
Missing character: There is no a in font nullfont!
Missing character: There is no l in font nullfont!
Missing character: There is no l in font nullfont!
Missing character: There is no e in font nullfont!
Missing character: There is no d in font nullfont!
Missing character: There is no a in font nullfont!
Missing character: There is no s in font nullfont!
Missing character: There is no b in font nullfont!
Missing character: There is no r in font nullfont!
Missing character: There is no o in font nullfont!
Missing character: There is no a in font nullfont!
Missing character: There is no d in font nullfont!
Missing character: There is no c in font nullfont!
Missing character: There is no a in font nullfont!
Missing character: There is no s in font nullfont!
Missing character: There is no t in font nullfont!
Missing character: There is no . in font nullfont!

Overfull \hbox (65.34824pt too wide) in paragraph at lines 22--23
\OT1/cmr/bx/n/10 Transmitting 
 []


Overfull \hbox (22.0415pt too wide) in paragraph at lines 22--23
\OT1/cmr/bx/n/10 data 
 []


Overfull \hbox (23.58322pt too wide) in paragraph at lines 22--23
\OT1/cmr/bx/n/10 from 
 []


Overfull \hbox (17.40964pt too wide) in paragraph at lines 22--23
\OT1/cmr/bx/n/10 one 
 []


Overfull \hbox (31.7929pt too wide) in paragraph at lines 22--23
\OT1/cmr/bx/n/10 source 
 []


Overfull \hbox (21.1471pt too wide) in paragraph at lines 22--23
\OT1/cmr/bx/n/10 host 
 []


Overfull \hbox (10.22217pt too wide) in paragraph at lines 22--23
\OT1/cmr/bx/n/10 to 
 []


Overfull \hbox (11.97908pt too wide) in paragraph at lines 22--23
\OT1/cmr/bx/n/10 all 
 []


Overfull \hbox (26.61794pt too wide) in paragraph at lines 22--23
\OT1/cmr/bx/n/10 other 
 []


Overfull \hbox (25.68317pt too wide) in paragraph at lines 22--23
\OT1/cmr/bx/n/10 hosts 
 []

Missing character: There is no I in font nullfont!
Missing character: There is no t in font nullfont!
Missing character: There is no i in font nullfont!
Missing character: There is no s in font nullfont!
Missing character: There is no a in font nullfont!
Missing character: There is no t in font nullfont!
Missing character: There is no r in font nullfont!
Missing character: There is no a in font nullfont!
Missing character: There is no n in font nullfont!
Missing character: There is no s in font nullfont!
Missing character: There is no m in font nullfont!
Missing character: There is no i in font nullfont!
Missing character: There is no s in font nullfont!
Missing character: There is no s in font nullfont!
Missing character: There is no i in font nullfont!
Missing character: There is no o in font nullfont!
Missing character: There is no n in font nullfont!
Missing character: There is no . in font nullfont!

Overfull \hbox (17.40964pt too wide) in paragraph at lines 23--24
\OT1/cmr/bx/n/10 one 
 []


Overfull \hbox (10.22217pt too wide) in paragraph at lines 23--24
\OT1/cmr/bx/n/10 to 
 []


Overfull \hbox (11.97908pt too wide) in paragraph at lines 23--24
\OT1/cmr/bx/n/10 all  
 []

Missing character: There is no : in font nullfont!

Overfull \hbox (47.8761pt too wide) in paragraph at lines 25--26
\OT1/cmr/bx/n/10 Multicast  
 []

Missing character: There is no h in font nullfont!
Missing character: There is no a in font nullfont!
Missing character: There is no v in font nullfont!
Missing character: There is no i in font nullfont!
Missing character: There is no n in font nullfont!
Missing character: There is no g in font nullfont!
Missing character: There is no i in font nullfont!
Missing character: There is no n in font nullfont!
Missing character: There is no t in font nullfont!
Missing character: There is no e in font nullfont!
Missing character: There is no r in font nullfont!
Missing character: There is no e in font nullfont!
Missing character: There is no s in font nullfont!
Missing character: There is no t in font nullfont!
Missing character: There is no i in font nullfont!
Missing character: There is no n in font nullfont!
Missing character: There is no r in font nullfont!
Missing character: There is no e in font nullfont!
Missing character: There is no c in font nullfont!
Missing character: There is no e in font nullfont!
Missing character: There is no i in font nullfont!
Missing character: There is no v in font nullfont!
Missing character: There is no i in font nullfont!
Missing character: There is no n in font nullfont!
Missing character: There is no g in font nullfont!
Missing character: There is no t in font nullfont!
Missing character: There is no h in font nullfont!
Missing character: There is no e in font nullfont!
Missing character: There is no d in font nullfont!
Missing character: There is no a in font nullfont!
Missing character: There is no t in font nullfont!
Missing character: There is no a in font nullfont!
Missing character: There is no i in font nullfont!
Missing character: There is no s in font nullfont!
Missing character: There is no c in font nullfont!
Missing character: There is no a in font nullfont!
Missing character: There is no l in font nullfont!
Missing character: There is no l in font nullfont!
Missing character: There is no e in font nullfont!
Missing character: There is no d in font nullfont!
Missing character: There is no a in font nullfont!
Missing character: There is no s in font nullfont!
Missing character: There is no m in font nullfont!
Missing character: There is no u in font nullfont!
Missing character: There is no l in font nullfont!
Missing character: There is no t in font nullfont!
Missing character: There is no i in font nullfont!
Missing character: There is no c in font nullfont!
Missing character: There is no a in font nullfont!
Missing character: There is no s in font nullfont!
Missing character: There is no t in font nullfont!
Missing character: There is no . in font nullfont!

Overfull \hbox (65.34824pt too wide) in paragraph at lines 27--28
\OT1/cmr/bx/n/10 Transmitting 
 []


Overfull \hbox (22.0415pt too wide) in paragraph at lines 27--28
\OT1/cmr/bx/n/10 data 
 []


Overfull \hbox (23.58322pt too wide) in paragraph at lines 27--28
\OT1/cmr/bx/n/10 from 
 []


Overfull \hbox (17.40964pt too wide) in paragraph at lines 27--28
\OT1/cmr/bx/n/10 one 
 []


Overfull \hbox (31.7929pt too wide) in paragraph at lines 27--28
\OT1/cmr/bx/n/10 source 
 []


Overfull \hbox (21.1471pt too wide) in paragraph at lines 27--28
\OT1/cmr/bx/n/10 host 
 []


Overfull \hbox (10.22217pt too wide) in paragraph at lines 27--28
\OT1/cmr/bx/n/10 to 
 []


Overfull \hbox (5.59023pt too wide) in paragraph at lines 27--28
\OT1/cmr/bx/n/10 a 
 []


Overfull \hbox (20.5485pt too wide) in paragraph at lines 27--28
\OT1/cmr/bx/n/10 par- 
 []


Overfull \hbox (16.61102pt too wide) in paragraph at lines 27--28
\OT1/cmr/bx/n/10 tic- 
 []


Overfull \hbox (10.22217pt too wide) in paragraph at lines 27--28
\OT1/cmr/bx/n/10 u- 
 []


Overfull \hbox (13.52075pt too wide) in paragraph at lines 27--28
\OT1/cmr/bx/n/10 lar 
 []


Overfull \hbox (29.01375pt too wide) in paragraph at lines 27--28
\OT1/cmr/bx/n/10 group 
 []


Overfull \hbox (9.26384pt too wide) in paragraph at lines 27--28
\OT1/cmr/bx/n/10 of 
 []


Overfull \hbox (25.68317pt too wide) in paragraph at lines 27--28
\OT1/cmr/bx/n/10 hosts 
 []

Missing character: There is no I in font nullfont!
Missing character: There is no t in font nullfont!
Missing character: There is no i in font nullfont!
Missing character: There is no s in font nullfont!
Missing character: There is no a in font nullfont!
Missing character: There is no t in font nullfont!
Missing character: There is no r in font nullfont!
Missing character: There is no a in font nullfont!
Missing character: There is no n in font nullfont!
Missing character: There is no s in font nullfont!
Missing character: There is no m in font nullfont!
Missing character: There is no i in font nullfont!
Missing character: There is no s in font nullfont!
Missing character: There is no s in font nullfont!
Missing character: There is no i in font nullfont!
Missing character: There is no o in font nullfont!
Missing character: There is no n in font nullfont!
Missing character: There is no . in font nullfont!

Overfull \hbox (17.40964pt too wide) in paragraph at lines 28--29
\OT1/cmr/bx/n/10 one 
 []


Overfull \hbox (10.22217pt too wide) in paragraph at lines 28--29
\OT1/cmr/bx/n/10 to 
 []


Overfull \hbox (27.47206pt too wide) in paragraph at lines 28--29
\OT1/cmr/bx/n/10 many  
 []


! LaTeX Error: The font size command \normalsize is not defined:
               there is probably something wrong with the class file.

See the LaTeX manual or LaTeX Companion for explanation.
Type  H <return>  for immediate help.
 ...                                              
                                                  
l.35 \newpage
             
Your command was ignored.
Type  I <command> <return>  to replace it with another command,
or  <return>  to continue without it.

[1{/var/lib/texmf/fonts/map/pdftex/updmap/pdftex.map}
! Undefined control sequence.
<write> \newlabel{fig:casting_types}{{}{\thepage 
                                                 }}
l.35 \newpage
             
The control sequence at the end of the top line
of your error message was never \def'ed. If you have
misspelled it (e.g., `\hobx'), type `I' and the correct
spelling (e.g., `I\hbox'). Otherwise just continue,
and I'll forget about whatever was undefined.

\newlabel{fig:casting_types}{{}{}}
])
! Emergency stop.
<*> 14.1.2.tex
              
*** (job aborted, no legal \end found)

 
Here is how much of TeX's memory you used:
 26 strings out of 483183
 473 string characters out of 5966292
 234602 words of memory out of 5000000
 15140 multiletter control sequences out of 15000+600000
 532646 words of font info for 25 fonts, out of 8000000 for 9000
 14 hyphenation exceptions out of 8191
 17i,4n,15p,177b,191s stack positions out of 5000i,500n,10000p,200000b,80000s
!  ==> Fatal error occurred, no output PDF file produced!
