This is pdfTeX, Version 3.14159265-2.6-1.40.20 (TeX Live 2019/Debian) (preloaded format=pdflatex 2022.1.19)  14 MAR 2022 01:54
entering extended mode
 restricted \write18 enabled.
 %&-line parsing enabled.
**17.1.1.tex
(./17.1.1.tex
LaTeX2e <2020-02-02> patch level 2
L3 programming layer <2020-02-14>

! LaTeX Error: Missing \begin{document}.

See the LaTeX manual or LaTeX Companion for explanation.
Type  H <return>  for immediate help.
 ...                                              
                                                  
l.2 \begin{flushleft}
                     
You're in trouble here.  Try typing  <return>  to proceed.
If that doesn't work, type  X <return>  to quit.


Overfull \hbox (20.0pt too wide) in paragraph at lines 2--2
[] 
 []

Missing character: There is no A in font nullfont!
Missing character: There is no n in font nullfont!
Missing character: There is no e in font nullfont!
Missing character: There is no t in font nullfont!
Missing character: There is no w in font nullfont!
Missing character: There is no o in font nullfont!
Missing character: There is no r in font nullfont!
Missing character: There is no k in font nullfont!
Missing character: There is no , in font nullfont!
Missing character: There is no e in font nullfont!
Missing character: There is no x in font nullfont!
Missing character: There is no c in font nullfont!
Missing character: There is no h in font nullfont!
Missing character: There is no a in font nullfont!
Missing character: There is no n in font nullfont!
Missing character: There is no g in font nullfont!
Missing character: There is no e in font nullfont!
Missing character: There is no f in font nullfont!
Missing character: There is no i in font nullfont!
Missing character: There is no l in font nullfont!
Missing character: There is no e in font nullfont!
Missing character: There is no s in font nullfont!
Missing character: There is no , in font nullfont!
Missing character: There is no o in font nullfont!
Missing character: There is no r in font nullfont!
Missing character: There is no a in font nullfont!
Missing character: There is no l in font nullfont!
Missing character: There is no l in font nullfont!
Missing character: There is no o in font nullfont!
Missing character: There is no w in font nullfont!
Missing character: There is no e in font nullfont!
Missing character: There is no l in font nullfont!
Missing character: There is no e in font nullfont!
Missing character: There is no c in font nullfont!
Missing character: There is no t in font nullfont!
Missing character: There is no r in font nullfont!
Missing character: There is no o in font nullfont!
Missing character: There is no n in font nullfont!
Missing character: There is no i in font nullfont!
Missing character: There is no c in font nullfont!
Missing character: There is no c in font nullfont!
Missing character: There is no o in font nullfont!
Missing character: There is no m in font nullfont!
Missing character: There is no m in font nullfont!
Missing character: There is no u in font nullfont!
Missing character: There is no n in font nullfont!
Missing character: There is no i in font nullfont!
Missing character: There is no c in font nullfont!
Missing character: There is no a in font nullfont!
Missing character: There is no t in font nullfont!
Missing character: There is no i in font nullfont!
Missing character: There is no o in font nullfont!
Missing character: There is no n in font nullfont!
Missing character: There is no s in font nullfont!
Missing character: There is no . in font nullfont!

Overfull \hbox (22.29987pt too wide) in paragraph at lines 5--8
\OT1/cmr/bx/n/10 Post 
 []


Overfull \hbox (31.91228pt too wide) in paragraph at lines 5--8
\OT1/cmr/bx/n/10 stands 
 []


Overfull \hbox (13.99994pt too wide) in paragraph at lines 5--8
\OT1/cmr/bx/n/10 for 
 []


Overfull \hbox (30.96513pt too wide) in paragraph at lines 5--8
\OT1/cmr/bx/n/10 Power 
 []


Overfull \hbox (15.0277pt too wide) in paragraph at lines 5--8
\OT1/cmr/bx/n/10 On 
 []


Overfull \hbox (18.36797pt too wide) in paragraph at lines 5--8
\OT1/cmr/bx/n/10 Self 
 []


Overfull \hbox (21.32071pt too wide) in paragraph at lines 5--8
\OT1/cmr/bx/n/10 Test  
 []


Overfull \hbox (21.08322pt too wide) in paragraph at lines 5--8
\OT1/cmr/bx/n/10 con- 
 []


Overfull \hbox (21.27484pt too wide) in paragraph at lines 5--8
\OT1/cmr/bx/n/10 sists 
 []


Overfull \hbox (9.26384pt too wide) in paragraph at lines 5--8
\OT1/cmr/bx/n/10 of 
 []


Overfull \hbox (17.8888pt too wide) in paragraph at lines 5--8
\OT1/cmr/bx/n/10 two 
 []


Overfull \hbox (10.48607pt too wide) in paragraph at lines 5--8
\OT1/cmr/bx/n/10 or 
 []


Overfull \hbox (25.34016pt too wide) in paragraph at lines 5--8
\OT1/cmr/bx/n/10 more 
 []


Overfull \hbox (24.27765pt too wide) in paragraph at lines 5--8
\OT1/cmr/bx/n/10 com- 
 []


Overfull \hbox (21.08322pt too wide) in paragraph at lines 5--8
\OT1/cmr/bx/n/10 put- 
 []


Overfull \hbox (14.54298pt too wide) in paragraph at lines 5--8
\OT1/cmr/bx/n/10 ers 
 []


Overfull \hbox (20.92348pt too wide) in paragraph at lines 5--8
\OT1/cmr/bx/n/10 that 
 []


Overfull \hbox (15.59714pt too wide) in paragraph at lines 5--8
\OT1/cmr/bx/n/10 are 
 []


Overfull \hbox (30.18735pt too wide) in paragraph at lines 5--8
\OT1/cmr/bx/n/10 linked 
 []


Overfull \hbox (9.58328pt too wide) in paragraph at lines 5--8
\OT1/cmr/bx/n/10 in 
 []


Overfull \hbox (14.31938pt too wide) in paragraph at lines 5--8
\OT1/cmr/bx/n/10 or- 
 []


Overfull \hbox (16.39577pt too wide) in paragraph at lines 5--8
\OT1/cmr/bx/n/10 der 
 []


Overfull \hbox (10.22217pt too wide) in paragraph at lines 5--8
\OT1/cmr/bx/n/10 to 
 []


Overfull \hbox (26.52206pt too wide) in paragraph at lines 5--8
\OT1/cmr/bx/n/10 share 
 []


Overfull \hbox (13.84023pt too wide) in paragraph at lines 5--8
\OT1/cmr/bx/n/10 re- 
 []


Overfull \hbox (36.32896pt too wide) in paragraph at lines 5--8
\OT1/cmr/bx/n/10 sources 
 []


Overfull \hbox (26.57762pt too wide) in paragraph at lines 5--8
\OT1/cmr/bx/n/10 (such 
 []


Overfull \hbox (10.1263pt too wide) in paragraph at lines 5--8
\OT1/cmr/bx/n/10 as 
 []


Overfull \hbox (28.6943pt too wide) in paragraph at lines 5--8
\OT1/cmr/bx/n/10 print- 
 []


Overfull \hbox (14.54298pt too wide) in paragraph at lines 5--8
\OT1/cmr/bx/n/10 ers 
 []


Overfull \hbox (18.36794pt too wide) in paragraph at lines 5--8
\OT1/cmr/bx/n/10 and 
 []


Overfull \hbox (26.13318pt too wide) in paragraph at lines 5--8
\OT1/cmr/bx/n/10 CDs) 
 []


! LaTeX Error: Environment figure undefined.

See the LaTeX manual or LaTeX Companion for explanation.
Type  H <return>  for immediate help.
 ...                                              
                                                  
l.9 \begin{figure}
                  [h!]
Your command was ignored.
Type  I <command> <return>  to replace it with another command,
or  <return>  to continue without it.

Missing character: There is no [ in font nullfont!
Missing character: There is no h in font nullfont!
Missing character: There is no ! in font nullfont!
Missing character: There is no ] in font nullfont!
! Undefined control sequence.
l.11 	\includegraphics
                      [scale=0.6]{content/chapter17/images/power_on.jpeg}
The control sequence at the end of the top line
of your error message was never \def'ed. If you have
misspelled it (e.g., `\hobx'), type `I' and the correct
spelling (e.g., `I\hbox'). Otherwise just continue,
and I'll forget about whatever was undefined.

Missing character: There is no [ in font nullfont!
Missing character: There is no s in font nullfont!
Missing character: There is no c in font nullfont!
Missing character: There is no a in font nullfont!
Missing character: There is no l in font nullfont!
Missing character: There is no e in font nullfont!
Missing character: There is no = in font nullfont!
Missing character: There is no 0 in font nullfont!
Missing character: There is no . in font nullfont!
Missing character: There is no 6 in font nullfont!
Missing character: There is no ] in font nullfont!
Missing character: There is no c in font nullfont!
Missing character: There is no o in font nullfont!
Missing character: There is no n in font nullfont!
Missing character: There is no t in font nullfont!
Missing character: There is no e in font nullfont!
Missing character: There is no n in font nullfont!
Missing character: There is no t in font nullfont!
Missing character: There is no / in font nullfont!
Missing character: There is no c in font nullfont!
Missing character: There is no h in font nullfont!
Missing character: There is no a in font nullfont!
Missing character: There is no p in font nullfont!
Missing character: There is no t in font nullfont!
Missing character: There is no e in font nullfont!
Missing character: There is no r in font nullfont!
Missing character: There is no 1 in font nullfont!
Missing character: There is no 7 in font nullfont!
Missing character: There is no / in font nullfont!
Missing character: There is no i in font nullfont!
Missing character: There is no m in font nullfont!
Missing character: There is no a in font nullfont!
Missing character: There is no g in font nullfont!
Missing character: There is no e in font nullfont!
Missing character: There is no s in font nullfont!
Missing character: There is no / in font nullfont!
Missing character: There is no p in font nullfont!
Missing character: There is no o in font nullfont!
Missing character: There is no w in font nullfont!
Missing character: There is no e in font nullfont!
Missing character: There is no r in font nullfont!
! Missing $ inserted.
<inserted text> 
                $
l.11 ...scale=0.6]{content/chapter17/images/power_
                                                  on.jpeg}
I've inserted a begin-math/end-math symbol since I think
you left one out. Proceed, with fingers crossed.

LaTeX Font Info:    External font `cmex10' loaded for size
(Font)              <7> on input line 11.
LaTeX Font Info:    External font `cmex10' loaded for size
(Font)              <5> on input line 11.
! Extra }, or forgotten $.
l.11 ...6]{content/chapter17/images/power_on.jpeg}
                                                  
I've deleted a group-closing symbol because it seems to be
spurious, as in `$x}$'. But perhaps the } is legitimate and
you forgot something else, as in `\hbox{$x}'. In such cases
the way to recover is to insert both the forgotten and the
deleted material, e.g., by typing `I$}'.


! LaTeX Error: \caption outside float.

See the LaTeX manual or LaTeX Companion for explanation.
Type  H <return>  for immediate help.
 ...                                              
                                                  
l.12 	\caption
              {POST}
You're in trouble here.  Try typing  <return>  to proceed.
If that doesn't work, type  X <return>  to quit.


! LaTeX Error: \begin{flushleft} on input line 2 ended by \end{figure}.

See the LaTeX manual or LaTeX Companion for explanation.
Type  H <return>  for immediate help.
 ...                                              
                                                  
l.14 \end{figure}
                 
Your command was ignored.
Type  I <command> <return>  to replace it with another command,
or  <return>  to continue without it.

! Missing $ inserted.
<inserted text> 
                $
l.14 \end{figure}
                 
I've inserted something that you may have forgotten.
(See the <inserted text> above.)
With luck, this will get me unwedged. But if you
really didn't forget anything, try typing `2' now; then
my insertion and my current dilemma will both disappear.

! Missing } inserted.
<inserted text> 
                }
l.14 \end{figure}
                 
I've inserted something that you may have forgotten.
(See the <inserted text> above.)
With luck, this will get me unwedged. But if you
really didn't forget anything, try typing `2' now; then
my insertion and my current dilemma will both disappear.


Overfull \hbox (62.38937pt too wide) in paragraph at lines 9--15
[]\OML/cmm/m/it/10 n:jpeg[][]$  
 []


! LaTeX Error: The font size command \normalsize is not defined:
               there is probably something wrong with the class file.

See the LaTeX manual or LaTeX Companion for explanation.
Type  H <return>  for immediate help.
 ...                                              
                                                  
l.16 \newpage
             
Your command was ignored.
Type  I <command> <return>  to replace it with another command,
or  <return>  to continue without it.

[1{/var/lib/texmf/fonts/map/pdftex/updmap/pdftex.map}
! Undefined control sequence.
<write> \newlabel{fig:post}{{}{\thepage 
                                        }}
l.16 \newpage
             
The control sequence at the end of the top line
of your error message was never \def'ed. If you have
misspelled it (e.g., `\hobx'), type `I' and the correct
spelling (e.g., `I\hbox'). Otherwise just continue,
and I'll forget about whatever was undefined.

\newlabel{fig:post}{{}{}}
]
Overfull \hbox (24.39014pt too wide) in paragraph at lines 18--19
[]\OT1/cmr/bx/n/10 Let's 
 []


Overfull \hbox (15.0777pt too wide) in paragraph at lines 18--19
\OT1/cmr/bx/n/10 see 
 []


Overfull \hbox (16.13187pt too wide) in paragraph at lines 18--19
\OT1/cmr/bx/n/10 the 
 []


Overfull \hbox (26.73735pt too wide) in paragraph at lines 18--19
\OT1/cmr/bx/n/10 types 
 []


Overfull \hbox (9.26384pt too wide) in paragraph at lines 18--19
\OT1/cmr/bx/n/10 of 
 []


Overfull \hbox (19.96518pt too wide) in paragraph at lines 18--19
\OT1/cmr/bx/n/10 net- 
 []


Overfull \hbox (24.54155pt too wide) in paragraph at lines 18--19
\OT1/cmr/bx/n/10 work 
 []


Overfull \hbox (26.5137pt too wide) in paragraph at lines 18--19
\OT1/cmr/bx/n/10 avail- 
 []


Overfull \hbox (23.63875pt too wide) in paragraph at lines 18--19
\OT1/cmr/bx/n/10 able:  
 []


! LaTeX Error: Environment figure undefined.

See the LaTeX manual or LaTeX Companion for explanation.
Type  H <return>  for immediate help.
 ...                                              
                                                  
l.20 \begin{figure}
                   [h!]
Your command was ignored.
Type  I <command> <return>  to replace it with another command,
or  <return>  to continue without it.

Missing character: There is no [ in font nullfont!
Missing character: There is no h in font nullfont!
Missing character: There is no ! in font nullfont!
Missing character: There is no ] in font nullfont!
! Undefined control sequence.
l.22 	\includegraphics
                      [scale=0.6]{content/chapter14/images/network_types.png}
The control sequence at the end of the top line
of your error message was never \def'ed. If you have
misspelled it (e.g., `\hobx'), type `I' and the correct
spelling (e.g., `I\hbox'). Otherwise just continue,
and I'll forget about whatever was undefined.

Missing character: There is no [ in font nullfont!
Missing character: There is no s in font nullfont!
Missing character: There is no c in font nullfont!
Missing character: There is no a in font nullfont!
Missing character: There is no l in font nullfont!
Missing character: There is no e in font nullfont!
Missing character: There is no = in font nullfont!
Missing character: There is no 0 in font nullfont!
Missing character: There is no . in font nullfont!
Missing character: There is no 6 in font nullfont!
Missing character: There is no ] in font nullfont!
Missing character: There is no c in font nullfont!
Missing character: There is no o in font nullfont!
Missing character: There is no n in font nullfont!
Missing character: There is no t in font nullfont!
Missing character: There is no e in font nullfont!
Missing character: There is no n in font nullfont!
Missing character: There is no t in font nullfont!
Missing character: There is no / in font nullfont!
Missing character: There is no c in font nullfont!
Missing character: There is no h in font nullfont!
Missing character: There is no a in font nullfont!
Missing character: There is no p in font nullfont!
Missing character: There is no t in font nullfont!
Missing character: There is no e in font nullfont!
Missing character: There is no r in font nullfont!
Missing character: There is no 1 in font nullfont!
Missing character: There is no 4 in font nullfont!
Missing character: There is no / in font nullfont!
Missing character: There is no i in font nullfont!
Missing character: There is no m in font nullfont!
Missing character: There is no a in font nullfont!
Missing character: There is no g in font nullfont!
Missing character: There is no e in font nullfont!
Missing character: There is no s in font nullfont!
Missing character: There is no / in font nullfont!
Missing character: There is no n in font nullfont!
Missing character: There is no e in font nullfont!
Missing character: There is no t in font nullfont!
Missing character: There is no w in font nullfont!
Missing character: There is no o in font nullfont!
Missing character: There is no r in font nullfont!
Missing character: There is no k in font nullfont!
! Missing $ inserted.
<inserted text> 
                $
l.22 ...ale=0.6]{content/chapter14/images/network_
                                                  types.png}
I've inserted a begin-math/end-math symbol since I think
you left one out. Proceed, with fingers crossed.

! Extra }, or forgotten $.
l.22 ...ontent/chapter14/images/network_types.png}
                                                  
I've deleted a group-closing symbol because it seems to be
spurious, as in `$x}$'. But perhaps the } is legitimate and
you forgot something else, as in `\hbox{$x}'. In such cases
the way to recover is to insert both the forgotten and the
deleted material, e.g., by typing `I$}'.


! LaTeX Error: \begin{flushleft} on input line 2 ended by \end{figure}.

See the LaTeX manual or LaTeX Companion for explanation.
Type  H <return>  for immediate help.
 ...                                              
                                                  
l.23 \end{figure}
                 
Your command was ignored.
Type  I <command> <return>  to replace it with another command,
or  <return>  to continue without it.

! Missing $ inserted.
<inserted text> 
                $
l.23 \end{figure}
                 
I've inserted something that you may have forgotten.
(See the <inserted text> above.)
With luck, this will get me unwedged. But if you
really didn't forget anything, try typing `2' now; then
my insertion and my current dilemma will both disappear.

! Missing } inserted.
<inserted text> 
                }
l.23 \end{figure}
                 
I've inserted something that you may have forgotten.
(See the <inserted text> above.)
With luck, this will get me unwedged. But if you
really didn't forget anything, try typing `2' now; then
my insertion and my current dilemma will both disappear.


Overfull \hbox (42.0973pt too wide) in paragraph at lines 20--24
[]\OML/cmm/m/it/10 ypes:png$  
 []

Missing character: There is no : in font nullfont!

Overfull \hbox (26.88177pt too wide) in paragraph at lines 26--27
\OT1/cmr/bx/n/10 Local 
 []


Overfull \hbox (24.29153pt too wide) in paragraph at lines 26--27
\OT1/cmr/bx/n/10 Area 
 []


Overfull \hbox (22.57628pt too wide) in paragraph at lines 26--27
\OT1/cmr/bx/n/10 Net- 
 []


Overfull \hbox (24.54155pt too wide) in paragraph at lines 26--27
\OT1/cmr/bx/n/10 work 
 []


Overfull \hbox (33.55537pt too wide) in paragraph at lines 26--27
\OT1/cmr/bx/n/10 (LAN)  
 []

Missing character: There is no ( in font nullfont!
Missing character: There is no g in font nullfont!
Missing character: There is no r in font nullfont!
Missing character: There is no o in font nullfont!
Missing character: There is no u in font nullfont!
Missing character: There is no p in font nullfont!
Missing character: There is no o in font nullfont!
Missing character: There is no f in font nullfont!
Missing character: There is no b in font nullfont!
Missing character: There is no u in font nullfont!
Missing character: There is no i in font nullfont!
Missing character: There is no l in font nullfont!
Missing character: There is no d in font nullfont!
Missing character: There is no i in font nullfont!
Missing character: There is no n in font nullfont!
Missing character: There is no g in font nullfont!
Missing character: There is no s in font nullfont!
Missing character: There is no c in font nullfont!
Missing character: There is no l in font nullfont!
Missing character: There is no o in font nullfont!
Missing character: There is no s in font nullfont!
Missing character: There is no e in font nullfont!
Missing character: There is no t in font nullfont!
Missing character: There is no o in font nullfont!
Missing character: There is no e in font nullfont!
Missing character: There is no a in font nullfont!
Missing character: There is no c in font nullfont!
Missing character: There is no h in font nullfont!
Missing character: There is no o in font nullfont!
Missing character: There is no t in font nullfont!
Missing character: There is no h in font nullfont!
Missing character: There is no e in font nullfont!
Missing character: There is no r in font nullfont!
Missing character: There is no ) in font nullfont!
Missing character: There is no t in font nullfont!
Missing character: There is no o in font nullfont!
Missing character: There is no s in font nullfont!
Missing character: There is no h in font nullfont!
Missing character: There is no a in font nullfont!
Missing character: There is no r in font nullfont!
Missing character: There is no e in font nullfont!
Missing character: There is no i in font nullfont!
Missing character: There is no n in font nullfont!
Missing character: There is no f in font nullfont!
Missing character: There is no o in font nullfont!
Missing character: There is no r in font nullfont!
Missing character: There is no m in font nullfont!
Missing character: There is no a in font nullfont!
Missing character: There is no t in font nullfont!
Missing character: There is no i in font nullfont!
Missing character: There is no o in font nullfont!
Missing character: There is no n in font nullfont!
Missing character: There is no / in font nullfont!
Missing character: There is no r in font nullfont!
Missing character: There is no e in font nullfont!
Missing character: There is no s in font nullfont!
Missing character: There is no o in font nullfont!
Missing character: There is no u in font nullfont!
Missing character: There is no r in font nullfont!
Missing character: There is no c in font nullfont!
Missing character: There is no e in font nullfont!
Missing character: There is no s in font nullfont!
Missing character: There is no . in font nullfont!

Overfull \hbox (41.68729pt too wide) in paragraph at lines 28--29
\OT1/cmr/bx/n/10 Connect 
 []


Overfull \hbox (24.27765pt too wide) in paragraph at lines 28--29
\OT1/cmr/bx/n/10 com- 
 []


Overfull \hbox (21.08322pt too wide) in paragraph at lines 28--29
\OT1/cmr/bx/n/10 put- 
 []


Overfull \hbox (14.54298pt too wide) in paragraph at lines 28--29
\OT1/cmr/bx/n/10 ers 
 []


Overfull \hbox (30.25952pt too wide) in paragraph at lines 28--29
\OT1/cmr/bx/n/10 across 
 []


Overfull \hbox (25.8832pt too wide) in paragraph at lines 28--29
\OT1/cmr/bx/n/10 short 
 []


Overfull \hbox (17.95267pt too wide) in paragraph at lines 28--29
\OT1/cmr/bx/n/10 dis- 
 []


Overfull \hbox (31.36925pt too wide) in paragraph at lines 28--29
\OT1/cmr/bx/n/10 tances 
 []


Overfull \hbox (55.00801pt too wide) in paragraph at lines 29--30
\OT1/cmr/bx/n/10 Companies 
 []


Overfull \hbox (20.73181pt too wide) in paragraph at lines 29--30
\OT1/cmr/bx/n/10 uses 
 []


Overfull \hbox (32.34148pt too wide) in paragraph at lines 29--30
\OT1/cmr/bx/n/10 LANs.  
 []

Missing character: There is no : in font nullfont!

Overfull \hbox (42.62755pt too wide) in paragraph at lines 32--33
\OT1/cmr/bx/n/10 Wireless 
 []


Overfull \hbox (16.49991pt too wide) in paragraph at lines 32--33
\OT1/cmr/bx/n/10 Lo- 
 []


Overfull \hbox (13.89574pt too wide) in paragraph at lines 32--33
\OT1/cmr/bx/n/10 cal 
 []


Overfull \hbox (24.29153pt too wide) in paragraph at lines 32--33
\OT1/cmr/bx/n/10 Area 
 []


Overfull \hbox (22.57628pt too wide) in paragraph at lines 32--33
\OT1/cmr/bx/n/10 Net- 
 []


Overfull \hbox (24.54155pt too wide) in paragraph at lines 32--33
\OT1/cmr/bx/n/10 work 
 []


Overfull \hbox (45.4442pt too wide) in paragraph at lines 32--33
\OT1/cmr/bx/n/10 (WLAN)  
 []

Missing character: There is no F in font nullfont!
Missing character: There is no u in font nullfont!
Missing character: There is no n in font nullfont!
Missing character: There is no c in font nullfont!
Missing character: There is no t in font nullfont!
Missing character: There is no i in font nullfont!
Missing character: There is no o in font nullfont!
Missing character: There is no n in font nullfont!
Missing character: There is no i in font nullfont!
Missing character: There is no n in font nullfont!
Missing character: There is no g in font nullfont!
Missing character: There is no l in font nullfont!
Missing character: There is no i in font nullfont!
Missing character: There is no k in font nullfont!
Missing character: There is no e in font nullfont!
Missing character: There is no a in font nullfont!
Missing character: There is no L in font nullfont!
Missing character: There is no A in font nullfont!
Missing character: There is no N in font nullfont!
Missing character: There is no , in font nullfont!
Missing character: There is no W in font nullfont!
Missing character: There is no L in font nullfont!
Missing character: There is no A in font nullfont!
Missing character: There is no N in font nullfont!
Missing character: There is no s in font nullfont!
Missing character: There is no m in font nullfont!
Missing character: There is no a in font nullfont!
Missing character: There is no k in font nullfont!
Missing character: There is no e in font nullfont!
Missing character: There is no u in font nullfont!
Missing character: There is no s in font nullfont!
Missing character: There is no e in font nullfont!
Missing character: There is no o in font nullfont!
Missing character: There is no f in font nullfont!
Missing character: There is no w in font nullfont!
Missing character: There is no i in font nullfont!
Missing character: There is no r in font nullfont!
Missing character: There is no e in font nullfont!
Missing character: There is no l in font nullfont!
Missing character: There is no e in font nullfont!
Missing character: There is no s in font nullfont!
Missing character: There is no s in font nullfont!
Missing character: There is no n in font nullfont!
Missing character: There is no e in font nullfont!
Missing character: There is no t in font nullfont!
Missing character: There is no w in font nullfont!
Missing character: There is no o in font nullfont!
Missing character: There is no r in font nullfont!
Missing character: There is no k in font nullfont!
Missing character: There is no t in font nullfont!
Missing character: There is no e in font nullfont!
Missing character: There is no c in font nullfont!
Missing character: There is no h in font nullfont!
Missing character: There is no n in font nullfont!
Missing character: There is no o in font nullfont!
Missing character: There is no l in font nullfont!
Missing character: There is no o in font nullfont!
Missing character: There is no g in font nullfont!
Missing character: There is no y in font nullfont!
Missing character: There is no , in font nullfont!
Missing character: There is no s in font nullfont!
Missing character: There is no u in font nullfont!
Missing character: There is no c in font nullfont!
Missing character: There is no h in font nullfont!
Missing character: There is no a in font nullfont!
Missing character: There is no s in font nullfont!
Missing character: There is no W in font nullfont!
Missing character: There is no i in font nullfont!
Missing character: There is no - in font nullfont!
Missing character: There is no F in font nullfont!
Missing character: There is no i in font nullfont!
Missing character: There is no . in font nullfont!
Missing character: There is no : in font nullfont!

Overfull \hbox (26.74292pt too wide) in paragraph at lines 37--38
\OT1/cmr/bx/n/10 Wide 
 []


Overfull \hbox (24.29153pt too wide) in paragraph at lines 37--38
\OT1/cmr/bx/n/10 Area 
 []


Overfull \hbox (22.57628pt too wide) in paragraph at lines 37--38
\OT1/cmr/bx/n/10 Net- 
 []


Overfull \hbox (24.54155pt too wide) in paragraph at lines 37--38
\OT1/cmr/bx/n/10 work 
 []


Overfull \hbox (37.2498pt too wide) in paragraph at lines 37--38
\OT1/cmr/bx/n/10 (WAN)  
 []

Missing character: There is no C in font nullfont!
Missing character: There is no o in font nullfont!
Missing character: There is no n in font nullfont!
Missing character: There is no n in font nullfont!
Missing character: There is no e in font nullfont!
Missing character: There is no c in font nullfont!
Missing character: There is no t in font nullfont!
Missing character: There is no s in font nullfont!
Missing character: There is no c in font nullfont!
Missing character: There is no o in font nullfont!
Missing character: There is no m in font nullfont!
Missing character: There is no p in font nullfont!
Missing character: There is no u in font nullfont!
Missing character: There is no t in font nullfont!
Missing character: There is no e in font nullfont!
Missing character: There is no r in font nullfont!
Missing character: There is no s in font nullfont!
Missing character: There is no t in font nullfont!
Missing character: There is no o in font nullfont!
Missing character: There is no g in font nullfont!
Missing character: There is no e in font nullfont!
Missing character: There is no t in font nullfont!
Missing character: There is no h in font nullfont!
Missing character: There is no e in font nullfont!
Missing character: There is no r in font nullfont!
Missing character: There is no a in font nullfont!
Missing character: There is no c in font nullfont!
Missing character: There is no r in font nullfont!
Missing character: There is no o in font nullfont!
Missing character: There is no s in font nullfont!
Missing character: There is no s in font nullfont!
Missing character: There is no l in font nullfont!
Missing character: There is no o in font nullfont!
Missing character: There is no n in font nullfont!
Missing character: There is no g in font nullfont!
Missing character: There is no e in font nullfont!
Missing character: There is no r in font nullfont!
Missing character: There is no p in font nullfont!
Missing character: There is no h in font nullfont!
Missing character: There is no y in font nullfont!
Missing character: There is no s in font nullfont!
Missing character: There is no i in font nullfont!
Missing character: There is no c in font nullfont!
Missing character: There is no a in font nullfont!
Missing character: There is no l in font nullfont!
Missing character: There is no d in font nullfont!
Missing character: There is no i in font nullfont!
Missing character: There is no s in font nullfont!
Missing character: There is no t in font nullfont!
Missing character: There is no a in font nullfont!
Missing character: There is no n in font nullfont!
Missing character: There is no c in font nullfont!
Missing character: There is no e in font nullfont!
Missing character: There is no s in font nullfont!
Missing character: There is no . in font nullfont!
Missing character: There is no E in font nullfont!
Missing character: There is no g in font nullfont!
Missing character: There is no : in font nullfont!
Missing character: There is no T in font nullfont!
Missing character: There is no h in font nullfont!
Missing character: There is no e in font nullfont!
Missing character: There is no I in font nullfont!
Missing character: There is no n in font nullfont!
Missing character: There is no t in font nullfont!
Missing character: There is no e in font nullfont!
Missing character: There is no r in font nullfont!
Missing character: There is no n in font nullfont!
Missing character: There is no e in font nullfont!
Missing character: There is no t in font nullfont!
Missing character: There is no . in font nullfont!
Missing character: There is no M in font nullfont!
Missing character: There is no a in font nullfont!
Missing character: There is no i in font nullfont!
Missing character: There is no n in font nullfont!
Missing character: There is no t in font nullfont!
Missing character: There is no a in font nullfont!
Missing character: There is no i in font nullfont!
Missing character: There is no n in font nullfont!
Missing character: There is no e in font nullfont!
Missing character: There is no d in font nullfont!
Missing character: There is no b in font nullfont!
Missing character: There is no y in font nullfont!
Missing character: There is no m in font nullfont!
Missing character: There is no u in font nullfont!
Missing character: There is no l in font nullfont!
Missing character: There is no t in font nullfont!
Missing character: There is no i in font nullfont!
Missing character: There is no p in font nullfont!
Missing character: There is no l in font nullfont!
Missing character: There is no e in font nullfont!
Missing character: There is no a in font nullfont!
Missing character: There is no d in font nullfont!
Missing character: There is no m in font nullfont!
Missing character: There is no i in font nullfont!
Missing character: There is no n in font nullfont!
Missing character: There is no i in font nullfont!
Missing character: There is no s in font nullfont!
Missing character: There is no t in font nullfont!
Missing character: There is no r in font nullfont!
Missing character: There is no a in font nullfont!
Missing character: There is no t in font nullfont!
Missing character: There is no o in font nullfont!
Missing character: There is no r in font nullfont!
Missing character: There is no s in font nullfont!
Missing character: There is no o in font nullfont!
Missing character: There is no r in font nullfont!
Missing character: There is no t in font nullfont!
Missing character: There is no h in font nullfont!
Missing character: There is no e in font nullfont!
Missing character: There is no p in font nullfont!
Missing character: There is no u in font nullfont!
Missing character: There is no b in font nullfont!
Missing character: There is no l in font nullfont!
Missing character: There is no i in font nullfont!
Missing character: There is no c in font nullfont!
Missing character: There is no . in font nullfont!
Missing character: There is no : in font nullfont!

Overfull \hbox (66.44409pt too wide) in paragraph at lines 44--45
\OT1/cmr/bx/n/10 Metropolitan 
 []


Overfull \hbox (24.29153pt too wide) in paragraph at lines 44--45
\OT1/cmr/bx/n/10 Area 
 []


Overfull \hbox (22.57628pt too wide) in paragraph at lines 44--45
\OT1/cmr/bx/n/10 Net- 
 []


Overfull \hbox (24.54155pt too wide) in paragraph at lines 44--45
\OT1/cmr/bx/n/10 work 
 []


Overfull \hbox (37.55536pt too wide) in paragraph at lines 44--45
\OT1/cmr/bx/n/10 (MAN)  
 []

Missing character: There is no L in font nullfont!
Missing character: There is no a in font nullfont!
Missing character: There is no r in font nullfont!
Missing character: There is no g in font nullfont!
Missing character: There is no e in font nullfont!
Missing character: There is no r in font nullfont!
Missing character: There is no t in font nullfont!
Missing character: There is no h in font nullfont!
Missing character: There is no a in font nullfont!
Missing character: There is no n in font nullfont!
Missing character: There is no L in font nullfont!
Missing character: There is no A in font nullfont!
Missing character: There is no N in font nullfont!
Missing character: There is no s in font nullfont!
Missing character: There is no b in font nullfont!
Missing character: There is no u in font nullfont!
Missing character: There is no t in font nullfont!
Missing character: There is no s in font nullfont!
Missing character: There is no m in font nullfont!
Missing character: There is no a in font nullfont!
Missing character: There is no l in font nullfont!
Missing character: There is no l in font nullfont!
Missing character: There is no e in font nullfont!
Missing character: There is no r in font nullfont!
Missing character: There is no t in font nullfont!
Missing character: There is no h in font nullfont!
Missing character: There is no a in font nullfont!
Missing character: There is no n in font nullfont!
Missing character: There is no W in font nullfont!
Missing character: There is no A in font nullfont!
Missing character: There is no N in font nullfont!
Missing character: There is no s in font nullfont!
Missing character: There is no . in font nullfont!
Missing character: There is no S in font nullfont!
Missing character: There is no p in font nullfont!
Missing character: There is no a in font nullfont!
Missing character: There is no n in font nullfont!
Missing character: There is no a in font nullfont!
Missing character: There is no n in font nullfont!
Missing character: There is no ( in font nullfont!
Missing character: There is no e in font nullfont!
Missing character: There is no g in font nullfont!
Missing character: There is no . in font nullfont!
Missing character: There is no t in font nullfont!
Missing character: There is no o in font nullfont!
Missing character: There is no w in font nullfont!
Missing character: There is no n in font nullfont!
Missing character: There is no o in font nullfont!
Missing character: There is no r in font nullfont!
Missing character: There is no c in font nullfont!
Missing character: There is no i in font nullfont!
Missing character: There is no t in font nullfont!
Missing character: There is no y in font nullfont!
Missing character: There is no ) in font nullfont!
Missing character: There is no . in font nullfont!

Overfull \hbox (15.49298pt too wide) in paragraph at lines 47--48
\OT1/cmr/bx/n/10 en- 
 []


Overfull \hbox (17.67354pt too wide) in paragraph at lines 47--48
\OT1/cmr/bx/n/10 tire 
 []


Overfull \hbox (14.8541pt too wide) in paragraph at lines 47--48
\OT1/cmr/bx/n/10 ge- 
 []


Overfull \hbox (9.58328pt too wide) in paragraph at lines 47--48
\OT1/cmr/bx/n/10 o- 
 []


Overfull \hbox (37.15952pt too wide) in paragraph at lines 47--48
\OT1/cmr/bx/n/10 graphic 
 []


Overfull \hbox (21.18736pt too wide) in paragraph at lines 47--48
\OT1/cmr/bx/n/10 area 
 []

Missing character: There is no H in font nullfont!
Missing character: There is no a in font nullfont!
Missing character: There is no n in font nullfont!
Missing character: There is no d in font nullfont!
Missing character: There is no l in font nullfont!
Missing character: There is no e in font nullfont!
Missing character: There is no d in font nullfont!
Missing character: There is no b in font nullfont!
Missing character: There is no y in font nullfont!
Missing character: There is no s in font nullfont!
Missing character: There is no i in font nullfont!
Missing character: There is no n in font nullfont!
Missing character: There is no g in font nullfont!
Missing character: There is no l in font nullfont!
Missing character: There is no e in font nullfont!
Missing character: There is no p in font nullfont!
Missing character: There is no e in font nullfont!
Missing character: There is no r in font nullfont!
Missing character: There is no s in font nullfont!
Missing character: There is no o in font nullfont!
Missing character: There is no n in font nullfont!
Missing character: There is no o in font nullfont!
Missing character: There is no r in font nullfont!
Missing character: There is no c in font nullfont!
Missing character: There is no o in font nullfont!
Missing character: There is no m in font nullfont!
Missing character: There is no p in font nullfont!
Missing character: There is no a in font nullfont!
Missing character: There is no n in font nullfont!
Missing character: There is no y in font nullfont!
Missing character: There is no . in font nullfont!
Missing character: There is no : in font nullfont!

Overfull \hbox (41.79144pt too wide) in paragraph at lines 51--52
\OT1/cmr/bx/n/10 Storage- 
 []


Overfull \hbox (24.29153pt too wide) in paragraph at lines 51--52
\OT1/cmr/bx/n/10 Area 
 []


Overfull \hbox (22.57628pt too wide) in paragraph at lines 51--52
\OT1/cmr/bx/n/10 Net- 
 []


Overfull \hbox (24.54155pt too wide) in paragraph at lines 51--52
\OT1/cmr/bx/n/10 work 
 []


Overfull \hbox (33.0276pt too wide) in paragraph at lines 51--52
\OT1/cmr/bx/n/10 (SAN)  
 []


Overfull \hbox (46.22336pt too wide) in paragraph at lines 53--54
\OT1/cmr/bx/n/10 Connects 
 []


Overfull \hbox (32.91092pt too wide) in paragraph at lines 53--54
\OT1/cmr/bx/n/10 shared 
 []


Overfull \hbox (26.25818pt too wide) in paragraph at lines 53--54
\OT1/cmr/bx/n/10 pools 
 []


Overfull \hbox (9.26384pt too wide) in paragraph at lines 53--54
\OT1/cmr/bx/n/10 of 
 []


Overfull \hbox (23.32765pt too wide) in paragraph at lines 53--54
\OT1/cmr/bx/n/10 stor- 
 []


Overfull \hbox (16.61101pt too wide) in paragraph at lines 53--54
\OT1/cmr/bx/n/10 age 
 []


Overfull \hbox (15.49298pt too wide) in paragraph at lines 53--54
\OT1/cmr/bx/n/10 de- 
 []


Overfull \hbox (24.18181pt too wide) in paragraph at lines 53--54
\OT1/cmr/bx/n/10 vices 
 []


Overfull \hbox (10.22217pt too wide) in paragraph at lines 53--54
\OT1/cmr/bx/n/10 to 
 []


Overfull \hbox (19.70961pt too wide) in paragraph at lines 53--54
\OT1/cmr/bx/n/10 sev- 
 []


Overfull \hbox (18.79156pt too wide) in paragraph at lines 53--54
\OT1/cmr/bx/n/10 eral 
 []


Overfull \hbox (38.03036pt too wide) in paragraph at lines 53--54
\OT1/cmr/bx/n/10 servers.  
 []


Overfull \hbox (24.0832pt too wide) in paragraph at lines 54--55
\OT1/cmr/bx/n/10 SAN 
 []


Overfull \hbox (36.32063pt too wide) in paragraph at lines 54--55
\OT1/cmr/bx/n/10 doesn't 
 []


Overfull \hbox (19.27075pt too wide) in paragraph at lines 54--55
\OT1/cmr/bx/n/10 rely 
 []


Overfull \hbox (12.13882pt too wide) in paragraph at lines 54--55
\OT1/cmr/bx/n/10 on 
 []


Overfull \hbox (5.59023pt too wide) in paragraph at lines 54--55
\OT1/cmr/bx/n/10 a 
 []


Overfull \hbox (24.61098pt too wide) in paragraph at lines 54--55
\OT1/cmr/bx/n/10 LAN 
 []


Overfull \hbox (10.48607pt too wide) in paragraph at lines 54--55
\OT1/cmr/bx/n/10 or 
 []


Overfull \hbox (31.49983pt too wide) in paragraph at lines 54--55
\OT1/cmr/bx/n/10 WAN.  
 []

Missing character: There is no S in font nullfont!
Missing character: There is no t in font nullfont!
Missing character: There is no o in font nullfont!
Missing character: There is no r in font nullfont!
Missing character: There is no a in font nullfont!
Missing character: There is no g in font nullfont!
Missing character: There is no e in font nullfont!
Missing character: There is no r in font nullfont!
Missing character: There is no e in font nullfont!
Missing character: There is no s in font nullfont!
Missing character: There is no o in font nullfont!
Missing character: There is no u in font nullfont!
Missing character: There is no r in font nullfont!
Missing character: There is no c in font nullfont!
Missing character: There is no e in font nullfont!
Missing character: There is no s in font nullfont!
Missing character: There is no a in font nullfont!
Missing character: There is no r in font nullfont!
Missing character: There is no e in font nullfont!
Missing character: There is no p in font nullfont!
Missing character: There is no l in font nullfont!
Missing character: There is no a in font nullfont!
Missing character: There is no c in font nullfont!
Missing character: There is no e in font nullfont!
Missing character: There is no d in font nullfont!
Missing character: There is no i in font nullfont!
Missing character: There is no n in font nullfont!
Missing character: There is no t in font nullfont!
Missing character: There is no o in font nullfont!
Missing character: There is no h in font nullfont!
Missing character: There is no i in font nullfont!
Missing character: There is no g in font nullfont!
Missing character: There is no h in font nullfont!
Missing character: There is no - in font nullfont!
Missing character: There is no p in font nullfont!
Missing character: There is no e in font nullfont!
Missing character: There is no r in font nullfont!
Missing character: There is no f in font nullfont!
Missing character: There is no o in font nullfont!
Missing character: There is no r in font nullfont!
Missing character: There is no m in font nullfont!
Missing character: There is no a in font nullfont!
Missing character: There is no n in font nullfont!
Missing character: There is no c in font nullfont!
Missing character: There is no e in font nullfont!
Missing character: There is no n in font nullfont!
Missing character: There is no e in font nullfont!
Missing character: There is no t in font nullfont!
Missing character: There is no w in font nullfont!
Missing character: There is no o in font nullfont!
Missing character: There is no r in font nullfont!
Missing character: There is no k in font nullfont!
Missing character: There is no . in font nullfont!
Missing character: There is no : in font nullfont!

Overfull \hbox (36.27063pt too wide) in paragraph at lines 58--59
\OT1/cmr/bx/n/10 Virtual 
 []


Overfull \hbox (19.62491pt too wide) in paragraph at lines 58--59
\OT1/cmr/bx/n/10 Pri- 
 []


Overfull \hbox (20.76376pt too wide) in paragraph at lines 58--59
\OT1/cmr/bx/n/10 vate 
 []


Overfull \hbox (22.57628pt too wide) in paragraph at lines 58--59
\OT1/cmr/bx/n/10 Net- 
 []


Overfull \hbox (24.54155pt too wide) in paragraph at lines 58--59
\OT1/cmr/bx/n/10 work 
 []


Overfull \hbox (34.49982pt too wide) in paragraph at lines 58--59
\OT1/cmr/bx/n/10 (VPN)  
 []


Overfull \hbox (36.55536pt too wide) in paragraph at lines 60--61
\OT1/cmr/bx/n/10 Private 
 []


Overfull \hbox (19.96518pt too wide) in paragraph at lines 60--61
\OT1/cmr/bx/n/10 net- 
 []


Overfull \hbox (24.54155pt too wide) in paragraph at lines 60--61
\OT1/cmr/bx/n/10 work 
 []


Overfull \hbox (30.25952pt too wide) in paragraph at lines 60--61
\OT1/cmr/bx/n/10 across 
 []


Overfull \hbox (16.13187pt too wide) in paragraph at lines 60--61
\OT1/cmr/bx/n/10 the 
 []


Overfull \hbox (14.58325pt too wide) in paragraph at lines 60--61
\OT1/cmr/bx/n/10 In- 
 []


Overfull \hbox (18.31242pt too wide) in paragraph at lines 60--61
\OT1/cmr/bx/n/10 ter- 
 []


Overfull \hbox (19.3263pt too wide) in paragraph at lines 60--61
\OT1/cmr/bx/n/10 net.  
 []

Missing character: There is no L in font nullfont!
Missing character: There is no e in font nullfont!
Missing character: There is no t in font nullfont!
Missing character: There is no s in font nullfont!
Missing character: There is no i in font nullfont!
Missing character: There is no t in font nullfont!
Missing character: There is no s in font nullfont!
Missing character: There is no u in font nullfont!
Missing character: There is no s in font nullfont!
Missing character: There is no e in font nullfont!
Missing character: There is no r in font nullfont!
Missing character: There is no s in font nullfont!
Missing character: There is no s in font nullfont!
Missing character: There is no e in font nullfont!
Missing character: There is no n in font nullfont!
Missing character: There is no d in font nullfont!
Missing character: There is no a in font nullfont!
Missing character: There is no n in font nullfont!
Missing character: There is no d in font nullfont!
Missing character: There is no r in font nullfont!
Missing character: There is no e in font nullfont!
Missing character: There is no c in font nullfont!
Missing character: There is no e in font nullfont!
Missing character: There is no i in font nullfont!
Missing character: There is no v in font nullfont!
Missing character: There is no e in font nullfont!
Missing character: There is no d in font nullfont!
Missing character: There is no a in font nullfont!
Missing character: There is no t in font nullfont!
Missing character: There is no a in font nullfont!
Missing character: There is no o in font nullfont!
Missing character: There is no v in font nullfont!
Missing character: There is no e in font nullfont!
Missing character: There is no r in font nullfont!
Missing character: There is no p in font nullfont!
Missing character: There is no r in font nullfont!
Missing character: There is no i in font nullfont!
Missing character: There is no v in font nullfont!
Missing character: There is no a in font nullfont!
Missing character: There is no t in font nullfont!
Missing character: There is no e in font nullfont!
Missing character: There is no n in font nullfont!
Missing character: There is no e in font nullfont!
Missing character: There is no t in font nullfont!
Missing character: There is no w in font nullfont!
Missing character: There is no o in font nullfont!
Missing character: There is no r in font nullfont!
Missing character: There is no k in font nullfont!
Missing character: There is no u in font nullfont!
Missing character: There is no s in font nullfont!
Missing character: There is no i in font nullfont!
Missing character: There is no n in font nullfont!
Missing character: There is no g in font nullfont!
Missing character: There is no I in font nullfont!
Missing character: There is no n in font nullfont!
Missing character: There is no t in font nullfont!
Missing character: There is no e in font nullfont!
Missing character: There is no r in font nullfont!
Missing character: There is no n in font nullfont!
Missing character: There is no e in font nullfont!
Missing character: There is no t in font nullfont!
Missing character: There is no . in font nullfont!

! LaTeX Error: The font size command \normalsize is not defined:
               there is probably something wrong with the class file.

See the LaTeX manual or LaTeX Companion for explanation.
Type  H <return>  for immediate help.
 ...                                              
                                                  
l.70 \newpage
             
Your command was ignored.
Type  I <command> <return>  to replace it with another command,
or  <return>  to continue without it.

[2])
! Emergency stop.
<*> 17.1.1.tex
              
*** (job aborted, no legal \end found)

 
Here is how much of TeX's memory you used:
 28 strings out of 483183
 501 string characters out of 5966292
 236602 words of memory out of 5000000
 15142 multiletter control sequences out of 15000+600000
 532646 words of font info for 25 fonts, out of 8000000 for 9000
 14 hyphenation exceptions out of 8191
 18i,4n,15p,205b,193s stack positions out of 5000i,500n,10000p,200000b,80000s
!  ==> Fatal error occurred, no output PDF file produced!
